[2020-07-21 11:08:57] app.ERROR: Class "AdminLinkWidgetController" not found in controllers/admin [] []
[2020-07-21 11:09:46] app.INFO: Exporting mail with theme modern for language English (English) [] []
[2020-07-21 11:09:46] app.INFO: Core output folder: D:\xampp\htdocs\ytc_templates\prestashop\sp_topdeals_1767_in/mails [] []
[2020-07-21 11:09:46] app.INFO: Modules output folder: D:\xampp\htdocs\ytc_templates\prestashop\sp_topdeals_1767_in/modules/ [] []
[2020-07-21 11:09:52] app.INFO: Exporting mail with theme modern for language English GB (English) [] []
[2020-07-21 11:09:52] app.INFO: Core output folder: D:\xampp\htdocs\ytc_templates\prestashop\sp_topdeals_1767_in/mails [] []
[2020-07-21 11:09:52] app.INFO: Modules output folder: D:\xampp\htdocs\ytc_templates\prestashop\sp_topdeals_1767_in/modules/ [] []
[2020-07-24 03:52:00] request.INFO: Matched route "admin_module_manage_action". {"route":"admin_module_manage_action","route_parameters":{"_controller":"PrestaShopBundle\\Controller\\Admin\\Improve\\ModuleController::moduleAction","action":"reset","module_name":"spthemeconfigurator","_route":"admin_module_manage_action"},"request_uri":"http://dev.ytcvn.com/ytc_templates/prestashop/sp_topdeals_1767_in/sp_admin/index.php/improve/modules/manage/action/reset/spthemeconfigurator?_token=5b5HTzojUxq4sr-EFjwmSgb6PnkZb4BG0MfqZjLe14c","method":"POST"} []
[2020-07-24 03:52:00] security.DEBUG: Read existing security token from the session. {"key":"_security_main","token_class":"Symfony\\Component\\Security\\Core\\Authentication\\Token\\UsernamePasswordToken"} []
[2020-07-24 03:52:00] security.DEBUG: User was reloaded from a user provider. {"provider":"PrestaShopBundle\\Security\\Admin\\EmployeeProvider","username":"themes@magentech.com"} []
[2020-07-24 03:52:06] app.ERROR: Data from PrestaShop Addons is invalid, and cannot fallback on cache.  {"exception":"cURL error 28: Operation timed out after 5008 milliseconds with 190101 bytes received"} []
[2020-07-24 03:52:20] security.DEBUG: Stored the security token in the session. {"key":"_security_main"} []
[2020-07-27 00:03:07] request.INFO: Matched route "admin_module_manage". {"route":"admin_module_manage","route_parameters":{"category":null,"keyword":null,"_controller":"PrestaShopBundle\\Controller\\Admin\\Improve\\ModuleController::manageAction","_legacy_controller":"AdminModulesManage","_legacy_link":["AdminModulesManage","AdminModulesSf"],"_route":"admin_module_manage"},"request_uri":"http://dev.ytcvn.com/ytc_templates/prestashop/sp_topdeals_1767_in/sp_admin/index.php/improve/modules/manage?_token=we9jMRaPkh2lg7_0rBq-SZI7ipO3ydnU2qs0jnvnWJY","method":"GET"} []
[2020-07-27 00:03:07] security.DEBUG: Read existing security token from the session. {"key":"_security_main","token_class":"Symfony\\Component\\Security\\Core\\Authentication\\Token\\UsernamePasswordToken"} []
[2020-07-27 00:03:07] security.DEBUG: User was reloaded from a user provider. {"provider":"PrestaShopBundle\\Security\\Admin\\EmployeeProvider","username":"themes@magentech.com"} []
[2020-07-27 00:03:12] app.ERROR: Data from PrestaShop Addons is invalid, and cannot fallback on cache.  {"exception":"cURL error 28: Operation timed out after 5008 milliseconds with 190101 bytes received"} []
[2020-07-27 00:03:22] security.DEBUG: Stored the security token in the session. {"key":"_security_main"} []
[2020-07-27 00:21:55] request.INFO: Matched route "admin_module_manage". {"route":"admin_module_manage","route_parameters":{"category":null,"keyword":null,"_controller":"PrestaShopBundle\\Controller\\Admin\\Improve\\ModuleController::manageAction","_legacy_controller":"AdminModulesManage","_legacy_link":["AdminModulesManage","AdminModulesSf"],"_route":"admin_module_manage"},"request_uri":"http://dev.ytcvn.com/ytc_templates/prestashop/sp_topdeals_1767_in/sp_admin/index.php/improve/modules/manage?_token=iJE0Qg_fIFlfDaGDgH9zOF1CWKm4sn1vnD8CDUTZixQ","method":"GET"} []
[2020-07-27 00:21:55] security.DEBUG: Read existing security token from the session. {"key":"_security_main","token_class":"Symfony\\Component\\Security\\Core\\Authentication\\Token\\UsernamePasswordToken"} []
[2020-07-27 00:21:55] security.DEBUG: User was reloaded from a user provider. {"provider":"PrestaShopBundle\\Security\\Admin\\EmployeeProvider","username":"themes@magentech.com"} []
[2020-07-27 00:22:00] app.ERROR: Data from PrestaShop Addons is invalid, and cannot fallback on cache.  {"exception":"cURL error 28: Operation timed out after 5007 milliseconds with 849251 bytes received"} []
[2020-07-27 00:22:09] security.DEBUG: Stored the security token in the session. {"key":"_security_main"} []
[2020-07-27 00:39:16] request.INFO: Matched route "admin_module_configure_action". {"route":"admin_module_configure_action","route_parameters":{"_controller":"PrestaShopBundle\\Controller\\Admin\\Improve\\ModuleController::configureModuleAction","_legacy_controller":"AdminModules","module_name":"spdeal","_route":"admin_module_configure_action"},"request_uri":"http://dev.ytcvn.com/ytc_templates/prestashop/sp_topdeals_1767_in/sp_admin/index.php/improve/modules/manage/action/configure/spdeal?_token=iJE0Qg_fIFlfDaGDgH9zOF1CWKm4sn1vnD8CDUTZixQ","method":"GET"} []
[2020-07-27 00:39:16] security.DEBUG: Read existing security token from the session. {"key":"_security_main","token_class":"Symfony\\Component\\Security\\Core\\Authentication\\Token\\UsernamePasswordToken"} []
[2020-07-27 00:39:16] security.DEBUG: User was reloaded from a user provider. {"provider":"PrestaShopBundle\\Security\\Admin\\EmployeeProvider","username":"themes@magentech.com"} []
[2020-07-27 00:39:21] app.ERROR: Data from PrestaShop Addons is invalid, and cannot fallback on cache.  {"exception":"cURL error 28: Operation timed out after 5007 milliseconds with 501397 bytes received"} []
[2020-07-27 00:39:22] security.DEBUG: Stored the security token in the session. {"key":"_security_main"} []
[2020-07-28 08:56:01] app.ERROR: Data from PrestaShop Addons is invalid, and cannot fallback on cache.  {"exception":"cURL error 28: Operation timed out after 5007 milliseconds with 665219 bytes received"} []
[2020-07-28 08:56:03] app.INFO: Protect vendor folder in module contactform [] []
[2020-07-28 08:56:06] app.INFO: Protect vendor folder in module dashactivity [] []
[2020-07-28 08:56:07] app.INFO: Protect vendor folder in module dashtrends [] []
[2020-07-28 08:56:10] app.INFO: Protect vendor folder in module dashgoals [] []
[2020-07-28 08:56:11] app.INFO: Protect vendor folder in module dashproducts [] []
[2020-07-28 08:56:12] app.INFO: Protect vendor folder in module graphnvd3 [] []
[2020-07-28 08:56:12] app.INFO: Protect vendor folder in module gridhtml [] []
[2020-07-28 08:56:14] app.INFO: Protect vendor folder in module gsitemap [] []
[2020-07-28 08:56:15] app.INFO: Protect vendor folder in module ps_banner [] []
[2020-07-28 08:56:16] app.INFO: Protect vendor folder in module ps_categorytree [] []
[2020-07-28 08:56:19] app.INFO: Protect vendor folder in module ps_checkpayment [] []
[2020-07-28 08:56:20] app.INFO: Protect vendor folder in module ps_contactinfo [] []
[2020-07-28 08:56:22] app.INFO: Protect vendor folder in module ps_currencyselector [] []
[2020-07-28 08:56:23] app.INFO: Protect vendor folder in module ps_customeraccountlinks [] []
[2020-07-28 08:56:23] app.INFO: Protect vendor folder in module ps_customersignin [] []
[2020-07-28 08:56:26] app.INFO: Protect vendor folder in module ps_customtext [] []
[2020-07-28 08:56:30] app.INFO: Protect vendor folder in module ps_emailsubscription [] []
[2020-07-28 08:56:40] app.INFO: Protect vendor folder in module ps_facetedsearch [] []
[2020-07-28 08:56:42] app.INFO: Protect vendor folder in module ps_faviconnotificationbo [] []
[2020-07-28 08:56:44] app.INFO: Protect vendor folder in module ps_featuredproducts [] []
[2020-07-28 08:56:51] app.INFO: Protect vendor folder in module ps_imageslider [] []
[2020-07-28 08:56:52] app.INFO: Protect vendor folder in module ps_languageselector [] []
[2020-07-28 08:56:56] app.INFO: Protect vendor folder in module ps_linklist [] []
[2020-07-28 08:56:56] app.ERROR: Class "AdminLinkWidgetController" not found in controllers/admin [] []
[2020-07-28 08:57:02] app.INFO: Protect vendor folder in module ps_mainmenu [] []
[2020-07-28 08:57:03] app.INFO: Protect vendor folder in module ps_searchbar [] []
[2020-07-28 08:57:05] app.INFO: Protect vendor folder in module ps_sharebuttons [] []
[2020-07-28 08:57:07] app.INFO: Protect vendor folder in module ps_shoppingcart [] []
[2020-07-28 08:57:08] app.INFO: Protect vendor folder in module ps_socialfollow [] []
[2020-07-28 08:57:12] app.INFO: Protect vendor folder in module ps_themecusto [] []
[2020-07-28 08:57:14] app.INFO: Protect vendor folder in module ps_wirepayment [] []
[2020-07-28 08:57:16] app.INFO: Protect vendor folder in module pagesnotfound [] []
[2020-07-28 08:57:17] app.INFO: Protect vendor folder in module sekeywords [] []
[2020-07-28 08:57:19] app.INFO: Protect vendor folder in module statsbestcategories [] []
[2020-07-28 08:57:20] app.INFO: Protect vendor folder in module statsbestcustomers [] []
[2020-07-28 08:57:20] app.INFO: Protect vendor folder in module statsbestproducts [] []
[2020-07-28 08:57:21] app.INFO: Protect vendor folder in module statsbestsuppliers [] []
[2020-07-28 08:57:23] app.INFO: Protect vendor folder in module statsbestvouchers [] []
[2020-07-28 08:57:24] app.INFO: Protect vendor folder in module statscarrier [] []
[2020-07-28 08:57:25] app.INFO: Protect vendor folder in module statscatalog [] []
[2020-07-28 08:57:26] app.INFO: Protect vendor folder in module statscheckup [] []
[2020-07-28 08:57:27] app.INFO: Protect vendor folder in module statsdata [] []
[2020-07-28 08:57:27] app.INFO: Protect vendor folder in module statsequipment [] []
[2020-07-28 08:57:28] app.INFO: Protect vendor folder in module statsforecast [] []
[2020-07-28 08:57:29] app.INFO: Protect vendor folder in module statslive [] []
[2020-07-28 08:57:30] app.INFO: Protect vendor folder in module statsnewsletter [] []
[2020-07-28 08:57:31] app.INFO: Protect vendor folder in module statsorigin [] []
[2020-07-28 08:57:32] app.INFO: Protect vendor folder in module statspersonalinfos [] []
[2020-07-28 08:57:33] app.INFO: Protect vendor folder in module statsproduct [] []
[2020-07-28 08:57:33] app.INFO: Protect vendor folder in module statsregistrations [] []
[2020-07-28 08:57:34] app.INFO: Protect vendor folder in module statssales [] []
[2020-07-28 08:57:36] app.INFO: Protect vendor folder in module statssearch [] []
[2020-07-28 08:57:37] app.INFO: Protect vendor folder in module statsstock [] []
[2020-07-28 08:57:38] app.INFO: Protect vendor folder in module statsvisits [] []
[2020-07-28 08:57:40] app.INFO: Protect vendor folder in module welcome [] []
[2020-07-28 08:57:42] app.INFO: Exporting mail with theme modern for language English (English) [] []
[2020-07-28 08:57:42] app.INFO: Core output folder: D:\xampp\htdocs\ytc_templates\prestashop\sp_topdeals_1767_in_full/mails [] []
[2020-07-28 08:57:42] app.INFO: Modules output folder: D:\xampp\htdocs\ytc_templates\prestashop\sp_topdeals_1767_in_full/modules/ [] []
[2020-07-28 08:57:44] app.INFO: Exporting mail with theme modern for language English GB (English) [] []
[2020-07-28 08:57:44] app.INFO: Core output folder: D:\xampp\htdocs\ytc_templates\prestashop\sp_topdeals_1767_in_full/mails [] []
[2020-07-28 08:57:44] app.INFO: Modules output folder: D:\xampp\htdocs\ytc_templates\prestashop\sp_topdeals_1767_in_full/modules/ [] []
[2020-07-28 04:21:24] request.INFO: Matched route "admin_module_manage". {"route":"admin_module_manage","route_parameters":{"category":null,"keyword":null,"_controller":"PrestaShopBundle\\Controller\\Admin\\Improve\\ModuleController::manageAction","_legacy_controller":"AdminModulesManage","_legacy_link":["AdminModulesManage","AdminModulesSf"],"_route":"admin_module_manage"},"request_uri":"http://dev.ytcvn.com/ytc_templates/prestashop/sp_topdeals_1767_in_full/sp_admin/index.php/improve/modules/manage?_token=-647_rfOwxsuSlmR6PzOwf4TCmdnrqIDBu6xeni7YeQ","method":"GET"} []
[2020-07-28 04:21:24] security.DEBUG: Read existing security token from the session. {"key":"_security_main","token_class":"Symfony\\Component\\Security\\Core\\Authentication\\Token\\UsernamePasswordToken"} []
[2020-07-28 04:21:24] security.DEBUG: User was reloaded from a user provider. {"provider":"PrestaShopBundle\\Security\\Admin\\EmployeeProvider","username":"themes@magentech.com"} []
[2020-07-28 04:21:29] app.ERROR: Data from PrestaShop Addons is invalid, and cannot fallback on cache.  {"exception":"cURL error 28: Operation timed out after 5008 milliseconds with 599692 bytes received"} []
[2020-07-28 04:21:31] security.DEBUG: Stored the security token in the session. {"key":"_security_main"} []
[2020-12-10 02:14:31] app.INFO: Protect vendor folder in module contactform [] []
[2020-12-10 02:14:40] app.INFO: Protect vendor folder in module dashactivity [] []
[2020-12-10 02:14:44] app.INFO: Protect vendor folder in module dashtrends [] []
[2020-12-10 02:15:14] app.INFO: Protect vendor folder in module dashgoals [] []
[2020-12-10 02:15:26] app.INFO: Protect vendor folder in module dashproducts [] []
[2020-12-10 02:15:29] app.INFO: Protect vendor folder in module graphnvd3 [] []
[2020-12-10 02:15:33] app.INFO: Protect vendor folder in module gridhtml [] []
[2020-12-10 02:15:48] app.INFO: Protect vendor folder in module gsitemap [] []
[2020-12-10 02:15:58] app.INFO: Protect vendor folder in module ps_banner [] []
[2020-12-10 02:16:01] app.INFO: Protect vendor folder in module ps_categorytree [] []
[2020-12-10 02:16:18] app.INFO: Protect vendor folder in module ps_checkpayment [] []
[2020-12-10 02:16:24] app.INFO: Protect vendor folder in module ps_contactinfo [] []
[2020-12-10 02:16:29] app.INFO: Protect vendor folder in module ps_currencyselector [] []
[2020-12-10 02:16:42] app.INFO: Protect vendor folder in module ps_customeraccountlinks [] []
[2020-12-10 02:16:46] app.INFO: Protect vendor folder in module ps_customersignin [] []
[2020-12-10 02:17:26] app.INFO: Protect vendor folder in module ps_customtext [] []
[2020-12-10 02:17:40] app.INFO: Protect vendor folder in module ps_emailsubscription [] []
[2020-12-10 02:18:57] app.INFO: Protect vendor folder in module ps_facetedsearch [] []
[2020-12-10 02:19:15] app.INFO: Protect vendor folder in module ps_faviconnotificationbo [] []
[2020-12-10 02:19:27] app.INFO: Protect vendor folder in module ps_featuredproducts [] []
[2020-12-10 02:19:47] app.INFO: Protect vendor folder in module ps_imageslider [] []
[2020-12-10 02:19:53] app.INFO: Protect vendor folder in module ps_languageselector [] []
[2020-12-10 02:20:14] app.INFO: Protect vendor folder in module ps_linklist [] []
[2020-12-10 02:20:14] app.ERROR: Class "AdminLinkWidgetController" not found in controllers/admin [] []
[2020-12-10 02:21:23] app.INFO: Protect vendor folder in module ps_mainmenu [] []
[2020-12-10 02:21:28] app.INFO: Protect vendor folder in module ps_searchbar [] []
[2020-12-10 02:21:36] app.INFO: Protect vendor folder in module ps_sharebuttons [] []
[2020-12-10 02:21:42] app.INFO: Protect vendor folder in module ps_shoppingcart [] []
[2020-12-10 02:21:46] app.INFO: Protect vendor folder in module ps_socialfollow [] []
[2020-12-10 02:22:07] app.INFO: Protect vendor folder in module ps_themecusto [] []
[2020-12-10 02:22:14] app.INFO: Protect vendor folder in module ps_wirepayment [] []
[2020-12-10 02:22:18] app.INFO: Protect vendor folder in module pagesnotfound [] []
[2020-12-10 02:22:24] app.INFO: Protect vendor folder in module sekeywords [] []
[2020-12-10 02:22:27] app.INFO: Protect vendor folder in module statsbestcategories [] []
[2020-12-10 02:22:29] app.INFO: Protect vendor folder in module statsbestcustomers [] []
[2020-12-10 02:22:35] app.INFO: Protect vendor folder in module statsbestproducts [] []
[2020-12-10 02:22:45] app.INFO: Protect vendor folder in module statsbestsuppliers [] []
[2020-12-10 02:22:48] app.INFO: Protect vendor folder in module statsbestvouchers [] []
[2020-12-10 02:22:51] app.INFO: Protect vendor folder in module statscarrier [] []
[2020-12-10 02:22:55] app.INFO: Protect vendor folder in module statscatalog [] []
[2020-12-10 02:22:57] app.INFO: Protect vendor folder in module statscheckup [] []
[2020-12-10 02:23:00] app.INFO: Protect vendor folder in module statsdata [] []
[2020-12-10 02:23:02] app.INFO: Protect vendor folder in module statsequipment [] []
[2020-12-10 02:23:06] app.INFO: Protect vendor folder in module statsforecast [] []
[2020-12-10 02:23:13] app.INFO: Protect vendor folder in module statslive [] []
[2020-12-10 02:23:20] app.INFO: Protect vendor folder in module statsnewsletter [] []
[2020-12-10 02:23:25] app.INFO: Protect vendor folder in module statsorigin [] []
[2020-12-10 02:23:28] app.INFO: Protect vendor folder in module statspersonalinfos [] []
[2020-12-10 02:23:30] app.INFO: Protect vendor folder in module statsproduct [] []
[2020-12-10 02:23:34] app.INFO: Protect vendor folder in module statsregistrations [] []
[2020-12-10 02:23:37] app.INFO: Protect vendor folder in module statssales [] []
[2020-12-10 02:23:43] app.INFO: Protect vendor folder in module statssearch [] []
[2020-12-10 02:23:45] app.INFO: Protect vendor folder in module statsstock [] []
[2020-12-10 02:23:48] app.INFO: Protect vendor folder in module statsvisits [] []
[2020-12-10 02:23:54] app.INFO: Protect vendor folder in module welcome [] []
[2020-12-10 02:23:57] app.INFO: Exporting mail with theme modern for language English (English) [] []
[2020-12-10 02:23:57] app.INFO: Core output folder: E:\xampp\htdocs\ytc_templates\prestashop\sp_topdeals_1770/mails [] []
[2020-12-10 02:23:58] app.INFO: Modules output folder: E:\xampp\htdocs\ytc_templates\prestashop\sp_topdeals_1770/modules/ [] []
[2020-12-10 02:24:02] app.INFO: Exporting mail with theme modern for language English GB (English) [] []
[2020-12-10 02:24:02] app.INFO: Core output folder: E:\xampp\htdocs\ytc_templates\prestashop\sp_topdeals_1770/mails [] []
[2020-12-10 02:24:03] app.INFO: Modules output folder: E:\xampp\htdocs\ytc_templates\prestashop\sp_topdeals_1770/modules/ [] []
[2020-12-09 22:15:34] request.INFO: Matched route "admin_module_notification_count". {"route":"admin_module_notification_count","route_parameters":{"_controller":"PrestaShopBundle\\Controller\\Admin\\Improve\\Modules\\AlertsController::notificationsCountAction","_legacy_controller":"AdminModulesNotifications","_legacy_link":"AdminModulesNotifications:count","_route":"admin_module_notification_count"},"request_uri":"http://dev.ytcvn.com/ytc_templates/prestashop/sp_topdeals_1770/sp_admin/index.php/improve/modules/alerts/count?_token=RY-7Rrgo3ulzKx8SdrgTCX27TO0olLOKpUf7BI6oNAs","method":"GET"} []
[2020-12-09 22:15:35] security.DEBUG: Read existing security token from the session. {"key":"_security_main","token_class":"Symfony\\Component\\Security\\Core\\Authentication\\Token\\UsernamePasswordToken"} []
[2020-12-09 22:15:35] security.DEBUG: User was reloaded from a user provider. {"provider":"PrestaShopBundle\\Security\\Admin\\EmployeeProvider","username":"themes@magentech.com"} []
[2020-12-09 22:15:40] app.ERROR: Data from PrestaShop Addons is invalid, and cannot fallback on cache.  {"exception":"cURL error 28: Operation timed out after 5000 milliseconds with 828986 bytes received"} []
[2020-12-09 22:15:44] security.DEBUG: Stored the security token in the session. {"key":"_security_main"} []
[2020-12-09 22:17:07] request.INFO: Matched route "admin_module_manage". {"route":"admin_module_manage","route_parameters":{"category":null,"keyword":null,"_controller":"PrestaShopBundle\\Controller\\Admin\\Improve\\ModuleController::manageAction","_legacy_controller":"AdminModulesManage","_legacy_link":["AdminModulesManage","AdminModulesSf"],"_route":"admin_module_manage"},"request_uri":"http://dev.ytcvn.com/ytc_templates/prestashop/sp_topdeals_1770/sp_admin/index.php/improve/modules/manage?_token=RY-7Rrgo3ulzKx8SdrgTCX27TO0olLOKpUf7BI6oNAs","method":"GET"} []
[2020-12-09 22:17:07] security.DEBUG: Read existing security token from the session. {"key":"_security_main","token_class":"Symfony\\Component\\Security\\Core\\Authentication\\Token\\UsernamePasswordToken"} []
[2020-12-09 22:17:07] security.DEBUG: Cannot refresh token because user has changed. {"username":"themes@magentech.com","provider":"PrestaShopBundle\\Security\\Admin\\EmployeeProvider"} []
[2020-12-09 22:17:07] security.DEBUG: Token was deauthenticated after trying to refresh it. [] []
[2020-12-09 22:17:07] security.INFO: Populated the TokenStorage with an anonymous Token. [] []
[2020-12-09 22:17:12] app.ERROR: Data from PrestaShop Addons is invalid, and cannot fallback on cache.  {"exception":"cURL error 28: Operation timed out after 5000 milliseconds with 861763 bytes received"} []
[2020-12-09 22:17:14] security.DEBUG: Stored the security token in the session. {"key":"_security_main"} []
